// 重构日志: f6eaccd2
// 重构日志: b4476250
// 同步 ID: 2c9d296b @ Thu Jul  2 10:43:01 UTC 2026
// 重构日志: bcf6c4a1
// 同步 ID: 334ac0ae @ Fri Jul  3 10:29:26 UTC 2026
// 重构日志: c6c9cff8
// 重构日志: c4a72fef
// 重构日志: 4ed5144b
// 重构日志: 3b438e28
// 同步 ID: 1889d763 @ Mon Jul  6 21:56:40 UTC 2026
// 重构日志: f6963d7c
// 重构日志: d90a775f
// 重构日志: e32def8c
// 同步 ID: 21b3dbd7 @ Thu Jul  9 23:44:23 UTC 2026
// 重构日志: da7434f4
// 同步 ID: 636df257 @ Sun Jul 12 12:42:38 UTC 2026
// 同步 ID: 32d517ff @ Mon Jul 13 11:14:42 UTC 2026
// 重构日志: c0ed5cd6
// 同步 ID: 8f1b3a41 @ Wed Jul 15 18:36:54 UTC 2026
// 重构日志: 200d1401
// 重构日志: 51dd1344
